<?xml version="1.0" encoding="UTF-8"?>
<!-- Generated by org.testng.reporters.JUnitReportReporter -->
<testsuite hostname="TTNPL-RahulRanjan" failures="0" tests="2" name="newmeven.newmeven.Action1" time="6.661" errors="0" timestamp="2023-03-22T21:18:18 IST" skipped="0">
  <testcase classname="newmeven.newmeven.Action1" name="singleclick" time="1.574"/>
  <system-out/>
  <testcase classname="newmeven.newmeven.Action1" name="doubleclick" time="5.087"/>
  <system-out/>
</testsuite> <!-- newmeven.newmeven.Action1 -->
