<?xml version="1.0" encoding="UTF-8"?>
<!-- Generated by org.testng.reporters.JUnitReportReporter -->
<testsuite hostname="TTNPL-RahulRanjan" failures="0" tests="4" name="classQuestion.Rahulshettyacademy" time="0.847" errors="0" timestamp="2023-03-29T13:02:57 IST" skipped="0">
  <testcase classname="classQuestion.Rahulshettyacademy" name="testFetchAlertText" time="0.297"/>
  <system-out/>
  <testcase classname="classQuestion.Rahulshettyacademy" name="testDismissAlert" time="0.117"/>
  <system-out/>
  <testcase classname="classQuestion.Rahulshettyacademy" name="testEnterDataInAlert" time="0.296"/>
  <system-out/>
  <testcase classname="classQuestion.Rahulshettyacademy" name="testAcceptAlert" time="0.137"/>
  <system-out/>
</testsuite> <!-- classQuestion.Rahulshettyacademy -->
