<?xml version="1.0" encoding="UTF-8"?>
<!-- Generated by org.testng.reporters.JUnitReportReporter -->
<testsuite hostname="TTNPL-RahulRanjan" failures="0" tests="1" name="newmeven.newmeven.OrangeHRM" time="42.315" errors="0" timestamp="2023-03-23T17:33:32 IST" skipped="0">
  <testcase classname="newmeven.newmeven.OrangeHRM" name="Login" time="42.315"/>
  <system-out/>
</testsuite> <!-- newmeven.newmeven.OrangeHRM -->
