<?xml version="1.0" encoding="UTF-8"?>
<!-- Generated by org.testng.reporters.JUnitReportReporter -->
<testsuite hostname="TTNPL-RahulRanjan" failures="0" tests="1" name="newmeven.newmeven.Irctc" time="6.047" errors="0" timestamp="2023-03-29T22:13:40 IST" skipped="0">
  <testcase classname="newmeven.newmeven.Irctc" name="login" time="6.047"/>
  <system-out/>
</testsuite> <!-- newmeven.newmeven.Irctc -->
