<?xml version="1.0" encoding="UTF-8"?>
<!-- Generated by org.testng.reporters.JUnitReportReporter -->
<testsuite hostname="TTNPL-RahulRanjan" failures="0" tests="1" name="classQuestion.TtnWebsiteVerify" time="7.694" errors="0" timestamp="2023-03-29T20:42:26 IST" skipped="0">
  <testcase classname="classQuestion.TtnWebsiteVerify" name="Option" time="7.694"/>
  <system-out/>
</testsuite> <!-- classQuestion.TtnWebsiteVerify -->
