<?xml version="1.0" encoding="UTF-8"?>
<!-- Generated by org.testng.reporters.JUnitReportReporter -->
<testsuite hostname="TTNPL-RahulRanjan" failures="0" tests="1" name="newmeven.newmeven.QkartinTestNG" time="0.503" errors="0" timestamp="2023-03-27T15:48:46 IST" skipped="0">
  <testcase classname="newmeven.newmeven.QkartinTestNG" name="register" time="0.503"/>
  <system-out/>
</testsuite> <!-- newmeven.newmeven.QkartinTestNG -->
