<?xml version="1.0" encoding="UTF-8"?>
<!-- Generated by org.testng.reporters.JUnitReportReporter -->
<testsuite hostname="TTNPL-RahulRanjan" failures="0" tests="1" name="newmeven.newmeven.Testng1" time="0.689" errors="0" timestamp="2023-03-22T20:48:32 IST" skipped="0">
  <testcase classname="newmeven.newmeven.Testng1" name="search" time="0.689"/>
  <system-out/>
</testsuite> <!-- newmeven.newmeven.Testng1 -->
